<?xml version="1.0" encoding="UTF-8"?>
<testsuite name="MoodAnalyserTestcase" tests="1" skipped="0" failures="0" errors="0" timestamp="2020-04-18T11:59:36" hostname="DESKTOP-9J6MPIC" time="0.005">
  <properties/>
  <testcase name="givenMoodAnalyser_WhenProper_ReturnObject" classname="MoodAnalyserTestcase" time="0.005"/>
  <system-out><![CDATA[]]></system-out>
  <system-err><![CDATA[]]></system-err>
</testsuite>
