<?xml version="1.0" encoding="UTF-8"?>
<testsuite name="MoodAnalyserTesting" tests="1" skipped="0" failures="0" errors="0" timestamp="2020-04-18T15:52:49" hostname="DESKTOP-9J6MPIC" time="0.004">
  <properties/>
  <testcase name="givenMessage_ContainsHappyMood_ReturnsTrue" classname="MoodAnalyserTesting" time="0.004"/>
  <system-out><![CDATA[]]></system-out>
  <system-err><![CDATA[]]></system-err>
</testsuite>
