<?xml version="1.0" encoding="UTF-8"?>
<testsuite name="MoodAnalyserTesting" tests="1" skipped="0" failures="0" errors="0" timestamp="2020-04-20T09:33:39" hostname="DESKTOP-9J6MPIC" time="0.006">
  <properties/>
  <testcase name="givenMessage_ContainsEmpty_ThrowsEmptyMood" classname="MoodAnalyserTesting" time="0.006"/>
  <system-out><![CDATA[]]></system-out>
  <system-err><![CDATA[]]></system-err>
</testsuite>
